DUPLICATE FOUND -- DATE:1520605069 -- LINK:http://feedproxy.google.com/~r/TheHackersNews/~3/wavrtJ8uMb4/memcached-ddos-attack.html
DUPLICATE FOUND -- DATE:1520620900 -- LINK:http://feedproxy.google.com/~r/TheHackersNews/~3/4xpGUvNTbM4/cryptocurrency-spyware-malware.html
DUPLICATE FOUND -- DATE:1520933028 -- LINK:http://feedproxy.google.com/~r/TheHackersNews/~3/zWrLwHZel5s/cryptocurrency-mining-software.html
DUPLICATE FOUND -- DATE:1520936593 -- LINK:http://feedproxy.google.com/~r/TheHackersNews/~3/t7V6Du1_rlg/samba-server-vulnerability.html
DUPLICATE FOUND -- DATE:1520942052 -- LINK:http://feedproxy.google.com/~r/TheHackersNews/~3/t7V6Du1_rlg/samba-server-vulnerability.html
DUPLICATE FOUND -- DATE:1520968703 -- LINK:http://feedproxy.google.com/~r/TheHackersNews/~3/a59I0uhNjpc/amd-processor-vulnerabilities.html
DUPLICATE FOUND -- DATE:1520972590 -- LINK:http://feedproxy.google.com/~r/TheHackersNews/~3/a59I0uhNjpc/amd-processor-vulnerabilities.html
DUPLICATE FOUND -- DATE:1521121154 -- LINK:http://feedproxy.google.com/~r/TheHackersNews/~3/RQS0vG3LTqA/comtia-certification-training-videos.html
DUPLICATE FOUND -- DATE:1521122146 -- LINK:http://feedproxy.google.com/~r/TheHackersNews/~3/RQS0vG3LTqA/comtia-certification-training-videos.html
DUPLICATE FOUND -- DATE:1521122232 -- LINK:http://feedproxy.google.com/~r/TheHackersNews/~3/J4MHVqIbOnE/vpn-leak-ip-address.html
DUPLICATE FOUND -- DATE:1521178616 -- LINK:http://feedproxy.google.com/~r/TheHackersNews/~3/J4MHVqIbOnE/vpn-leak-ip-address.html
DUPLICATE FOUND -- DATE:1521223383 -- LINK:http://feedproxy.google.com/~r/TheHackersNews/~3/DvjpkSB0wbg/hacker-adrian-lamo-dies.html
DUPLICATE FOUND -- DATE:1521224441 -- LINK:http://feedproxy.google.com/~r/TheHackersNews/~3/DvjpkSB0wbg/hacker-adrian-lamo-dies.html
DUPLICATE FOUND -- DATE:1521226021 -- LINK:http://feedproxy.google.com/~r/TheHackersNews/~3/DvjpkSB0wbg/hacker-adrian-lamo-dies.html
DUPLICATE FOUND -- DATE:1521226447 -- LINK:http://feedproxy.google.com/~r/TheHackersNews/~3/DvjpkSB0wbg/hacker-adrian-lamo-dies.html
DUPLICATE FOUND -- DATE:1521541259 -- LINK:http://feedproxy.google.com/~r/TheHackersNews/~3/bgaA7XPW7f4/hsts-supercookie-tracking.html
DUPLICATE FOUND -- DATE:1521611311 -- LINK:http://feedproxy.google.com/~r/TheHackersNews/~3/qEdkk9IqoNY/expedia-data-breach.html
DUPLICATE FOUND -- DATE:1522000470 -- LINK:http://feedproxy.google.com/~r/TheHackersNews/~3/l8wfMatPrq4/iranian-hackers-wanted-by-fbi.html
DUPLICATE FOUND -- DATE:1522094625 -- LINK:http://feedproxy.google.com/~r/TheHackersNews/~3/yxSO8B2fIBM/carbanak-russian-hacker.html
DUPLICATE FOUND -- DATE:1522213607 -- LINK:http://feedproxy.google.com/~r/TheHackersNews/~3/ZJtJvQ8XPXc/ios-qr-code-camera.html
DUPLICATE FOUND -- DATE:1522489093 -- LINK:http://feedproxy.google.com/~r/TheHackersNews/~3/1HsF7peUKnY/microsofts-meltdown-vulnerability.html
DUPLICATE FOUND -- DATE:1522765510 -- LINK:http://feedproxy.google.com/~r/TheHackersNews/~3/LU0P_UtullI/android-spying-trojan.html
DUPLICATE FOUND -- DATE:1522939584 -- LINK:http://feedproxy.google.com/~r/TheHackersNews/~3/JyN0pyVrilg/intel-spectre-vulnerability.html
DUPLICATE FOUND -- DATE:1523038576 -- LINK:http://feedproxy.google.com/~r/TheHackersNews/~3/kMle5d9IpOU/helsingin-uusyrityskeskus-hack.html
DUPLICATE FOUND -- DATE:1523296901 -- LINK:http://feedproxy.google.com/~r/TheHackersNews/~3/ZCkA4SGg8sE/auth0-authentication-bypass.html
DUPLICATE FOUND -- DATE:1523379103 -- LINK:http://feedproxy.google.com/~r/TheHackersNews/~3/of3CSS2MBX4/hacking-emergency-alert-sirens.html
DUPLICATE FOUND -- DATE:1523425447 -- LINK:http://feedproxy.google.com/~r/TheHackersNews/~3/W340Hv8ypso/facebook-data-download.html
DUPLICATE FOUND -- DATE:1523695033 -- LINK:http://feedproxy.google.com/~r/TheHackersNews/~3/kzvKDA4nhjE/drupal-rce-exploit-code.html
DUPLICATE FOUND -- DATE:1524037548 -- LINK:http://feedproxy.google.com/~r/TheHackersNews/~3/82got22xrq8/ccleaner-malware-attack.html
DUPLICATE FOUND -- DATE:1524037853 -- LINK:http://feedproxy.google.com/~r/TheHackersNews/~3/82got22xrq8/ccleaner-malware-attack.html
DUPLICATE FOUND -- DATE:1524041080 -- LINK:http://feedproxy.google.com/~r/TheHackersNews/~3/82got22xrq8/ccleaner-malware-attack.html
DUPLICATE FOUND -- DATE:1524123615 -- LINK:http://feedproxy.google.com/~r/TheHackersNews/~3/TXsD2q2UYII/android-dns-hijack-malware.html
DUPLICATE FOUND -- DATE:1524157308 -- LINK:http://feedproxy.google.com/~r/TheHackersNews/~3/neA4M2zuGvU/ethical-hacking-online-training.html
DUPLICATE FOUND -- DATE:1524163872 -- LINK:http://feedproxy.google.com/~r/TheHackersNews/~3/gg1J9qJ_Bi0/adblocker-chrome-extention.html
DUPLICATE FOUND -- DATE:1524168485 -- LINK:http://feedproxy.google.com/~r/TheHackersNews/~3/gg1J9qJ_Bi0/adblocker-chrome-extention.html
DUPLICATE FOUND -- DATE:1524192480 -- LINK:http://feedproxy.google.com/~r/TheHackersNews/~3/gg1J9qJ_Bi0/adblocker-chrome-extention.html
DUPLICATE FOUND -- DATE:1524226958 -- LINK:http://feedproxy.google.com/~r/TheHackersNews/~3/Gv9dDokJ1To/hacking-nas-devices.html
DUPLICATE FOUND -- DATE:1524523304 -- LINK:http://feedproxy.google.com/~r/TheHackersNews/~3/I-YJeCDpD9o/bitcoin-wallet-keys.html
DUPLICATE FOUND -- DATE:1524524165 -- LINK:http://feedproxy.google.com/~r/TheHackersNews/~3/I-YJeCDpD9o/bitcoin-wallet-keys.html
DUPLICATE FOUND -- DATE:1524556852 -- LINK:http://feedproxy.google.com/~r/TheHackersNews/~3/I-YJeCDpD9o/bitcoin-wallet-keys.html
DUPLICATE FOUND -- DATE:1524574416 -- LINK:http://feedproxy.google.com/~r/TheHackersNews/~3/0EW4EglAmyA/nintendo-switch-linux-hack.html
DUPLICATE FOUND -- DATE:1524661376 -- LINK:http://feedproxy.google.com/~r/TheHackersNews/~3/q-36cXrAAJo/new-gmail-redesign.html
DUPLICATE FOUND -- DATE:1524662323 -- LINK:http://feedproxy.google.com/~r/TheHackersNews/~3/q-36cXrAAJo/new-gmail-redesign.html
DUPLICATE FOUND -- DATE:1524665439 -- LINK:http://feedproxy.google.com/~r/TheHackersNews/~3/UYZ5GdXZbW8/ddos-for-hire-hacker.html
DUPLICATE FOUND -- DATE:1524675010 -- LINK:http://feedproxy.google.com/~r/TheHackersNews/~3/PgjtZvF4Ra8/drupal-vulnerability-exploit.html
DUPLICATE FOUND -- DATE:1524675115 -- LINK:http://feedproxy.google.com/~r/TheHackersNews/~3/PgjtZvF4Ra8/drupal-vulnerability-exploit.html
DUPLICATE FOUND -- DATE:1524675393 -- LINK:http://feedproxy.google.com/~r/TheHackersNews/~3/PgjtZvF4Ra8/drupal-vulnerability-exploit.html
DUPLICATE FOUND -- DATE:1524675532 -- LINK:http://feedproxy.google.com/~r/TheHackersNews/~3/PgjtZvF4Ra8/drupal-vulnerability-exploit.html
DUPLICATE FOUND -- DATE:1524675589 -- LINK:http://feedproxy.google.com/~r/TheHackersNews/~3/PgjtZvF4Ra8/drupal-vulnerability-exploit.html
DUPLICATE FOUND -- DATE:1524675809 -- LINK:http://feedproxy.google.com/~r/TheHackersNews/~3/PgjtZvF4Ra8/drupal-vulnerability-exploit.html
DUPLICATE FOUND -- DATE:1524676867 -- LINK:http://feedproxy.google.com/~r/TheHackersNews/~3/PgjtZvF4Ra8/drupal-vulnerability-exploit.html
DUPLICATE FOUND -- DATE:1524678346 -- LINK:http://feedproxy.google.com/~r/TheHackersNews/~3/PgjtZvF4Ra8/drupal-vulnerability-exploit.html
DUPLICATE FOUND -- DATE:1524740691 -- LINK:http://feedproxy.google.com/~r/TheHackersNews/~3/PgjtZvF4Ra8/drupal-vulnerability-exploit.html
DUPLICATE FOUND -- DATE:1524759058 -- LINK:http://feedproxy.google.com/~r/TheHackersNews/~3/nSpCnN5ooYQ/amazon-alexa-hacking-skill.html
DUPLICATE FOUND -- DATE:1525195737 -- LINK:http://feedproxy.google.com/~r/TheHackersNews/~3/bIVlUZnIW2U/facebook-cryptocurrency-hacking.html
DUPLICATE FOUND -- DATE:1525248436 -- LINK:http://feedproxy.google.com/~r/TheHackersNews/~3/jq3JdxJCHOk/facebook-f8-features.html
DUPLICATE FOUND -- DATE:1525411351 -- LINK:http://feedproxy.google.com/~r/TheHackersNews/~3/svhSUWU2nh4/twitter-account-password.html
DUPLICATE FOUND -- DATE:1525411481 -- LINK:http://feedproxy.google.com/~r/TheHackersNews/~3/svhSUWU2nh4/twitter-account-password.html
DUPLICATE FOUND -- DATE:1525514958 -- LINK:http://feedproxy.google.com/~r/TheHackersNews/~3/RdnEj7hEroY/intel-spectre-vulnerability.html
DUPLICATE FOUND -- DATE:1525765537 -- LINK:http://feedproxy.google.com/~r/TheHackersNews/~3/RVX_SiAhBFI/encrypted-twitter-direct-messages.html
DUPLICATE FOUND -- DATE:1525786448 -- LINK:http://feedproxy.google.com/~r/TheHackersNews/~3/eA7HiwudqeQ/protect-router-hacking.html
DUPLICATE FOUND -- DATE:1525801333 -- LINK:http://feedproxy.google.com/~r/TheHackersNews/~3/OJP4M6-dvFU/microsoft-safelinks-phishing.html
DUPLICATE FOUND -- DATE:1525870964 -- LINK:http://feedproxy.google.com/~r/TheHackersNews/~3/jwV8nu7RrNg/javascript-function-excel.html
DUPLICATE FOUND -- DATE:1525871183 -- LINK:http://feedproxy.google.com/~r/TheHackersNews/~3/jwV8nu7RrNg/javascript-function-excel.html
DUPLICATE FOUND -- DATE:1525882528 -- LINK:http://feedproxy.google.com/~r/TheHackersNews/~3/HP8aKh3jN3U/signal-secure-messaging.html
DUPLICATE FOUND -- DATE:1526108168 -- LINK:http://feedproxy.google.com/~r/TheHackersNews/~3/rg4oB2IX0i0/signal-messenger-vulnerability.html
DUPLICATE FOUND -- DATE:1526116385 -- LINK:http://feedproxy.google.com/~r/TheHackersNews/~3/rg4oB2IX0i0/signal-messenger-vulnerability.html
DUPLICATE FOUND -- DATE:1526284616 -- LINK:http://feedproxy.google.com/~r/TheHackersNews/~3/bjmbp27iQ1g/pgp-smime-email-encryption.html
DUPLICATE FOUND -- DATE:1526292070 -- LINK:http://feedproxy.google.com/~r/TheHackersNews/~3/bH7c1B4XqvQ/electron-node-integration.html
DUPLICATE FOUND -- DATE:1526292799 -- LINK:http://feedproxy.google.com/~r/TheHackersNews/~3/bH7c1B4XqvQ/electron-node-integration.html
DUPLICATE FOUND -- DATE:1526323095 -- LINK:http://feedproxy.google.com/~r/TheHackersNews/~3/bjmbp27iQ1g/pgp-smime-email-encryption.html
DUPLICATE FOUND -- DATE:1526327095 -- LINK:http://feedproxy.google.com/~r/TheHackersNews/~3/ThYJn8qUD1Y/efail-pgp-email-encryption.html
DUPLICATE FOUND -- DATE:1526334213 -- LINK:http://feedproxy.google.com/~r/TheHackersNews/~3/ZxaDqI61vpM/signal-messenger-code-injection.html
DUPLICATE FOUND -- DATE:1526334824 -- LINK:http://feedproxy.google.com/~r/TheHackersNews/~3/ZxaDqI61vpM/signal-messenger-code-injection.html
DUPLICATE FOUND -- DATE:1526418830 -- LINK:http://feedproxy.google.com/~r/TheHackersNews/~3/SKTnz7tkojQ/linux-dhcp-hacking.html
DUPLICATE FOUND -- DATE:1526481193 -- LINK:http://feedproxy.google.com/~r/TheHackersNews/~3/c5XSc4nwBlI/signal-desktop-hacking.html
DUPLICATE FOUND -- DATE:1526481966 -- LINK:http://feedproxy.google.com/~r/TheHackersNews/~3/c5XSc4nwBlI/signal-desktop-hacking.html
DUPLICATE FOUND -- DATE:1526482881 -- LINK:http://feedproxy.google.com/~r/TheHackersNews/~3/c5XSc4nwBlI/signal-desktop-hacking.html
DUPLICATE FOUND -- DATE:1526482989 -- LINK:http://feedproxy.google.com/~r/TheHackersNews/~3/c5XSc4nwBlI/signal-desktop-hacking.html
DUPLICATE FOUND -- DATE:1527077911 -- LINK:http://feedproxy.google.com/~r/TheHackersNews/~3/mPmEoq_Zxgk/ethical-hacking-trainings.html
DUPLICATE FOUND -- DATE:1527151378 -- LINK:http://feedproxy.google.com/~r/TheHackersNews/~3/-zmADyI4_I8/vpnfilter-router-hacking.html
DUPLICATE FOUND -- DATE:1527587185 -- LINK:http://feedproxy.google.com/~r/TheHackersNews/~3/RyYbkEE882g/eos-blockchain-smart-contract.html
DUPLICATE FOUND -- DATE:1527587933 -- LINK:http://feedproxy.google.com/~r/TheHackersNews/~3/RyYbkEE882g/eos-blockchain-smart-contract.html
DUPLICATE FOUND -- DATE:1527588274 -- LINK:http://feedproxy.google.com/~r/TheHackersNews/~3/RyYbkEE882g/eos-blockchain-smart-contract.html
DUPLICATE FOUND -- DATE:1528121596 -- LINK:http://feedproxy.google.com/~r/TheHackersNews/~3/7L_3yPrm3pw/microsoft-acquires-github.html
DUPLICATE FOUND -- DATE:1528122161 -- LINK:http://feedproxy.google.com/~r/TheHackersNews/~3/7L_3yPrm3pw/microsoft-acquires-github.html
DUPLICATE FOUND -- DATE:1528122387 -- LINK:http://feedproxy.google.com/~r/TheHackersNews/~3/7L_3yPrm3pw/microsoft-acquires-github.html
DUPLICATE FOUND -- DATE:1528126925 -- LINK:http://feedproxy.google.com/~r/TheHackersNews/~3/4bInm9sqoZ8/facebook-data-privacy.html
DUPLICATE FOUND -- DATE:1528295218 -- LINK:http://feedproxy.google.com/~r/TheHackersNews/~3/vgVBJWPoSC0/vpnfilter-router-malware.html
DUPLICATE FOUND -- DATE:1528295992 -- LINK:http://feedproxy.google.com/~r/TheHackersNews/~3/vgVBJWPoSC0/vpnfilter-router-malware.html
DUPLICATE FOUND -- DATE:1528296441 -- LINK:http://feedproxy.google.com/~r/TheHackersNews/~3/vgVBJWPoSC0/vpnfilter-router-malware.html
DUPLICATE FOUND -- DATE:1528390419 -- LINK:http://feedproxy.google.com/~r/TheHackersNews/~3/0LwlCYPk6D0/flash-player-zero-day-exploit.html
DUPLICATE FOUND -- DATE:1528570446 -- LINK:http://feedproxy.google.com/~r/TheHackersNews/~3/mO5S5nTapSw/russian-vpn-services.html
DUPLICATE FOUND -- DATE:1528705664 -- LINK:http://feedproxy.google.com/~r/TheHackersNews/~3/FpY1CQs1i7Q/oneplus6-bootloader-root.html
DUPLICATE FOUND -- DATE:1528728124 -- LINK:http://feedproxy.google.com/~r/TheHackersNews/~3/kMpVpJEQQ6s/cyber-threat-hunting.html
DUPLICATE FOUND -- DATE:1528815058 -- LINK:http://feedproxy.google.com/~r/TheHackersNews/~3/q-PmYdNUEHo/apple-mac-code-signing.html
DUPLICATE FOUND -- DATE:1528815380 -- LINK:http://feedproxy.google.com/~r/TheHackersNews/~3/q-PmYdNUEHo/apple-mac-code-signing.html
DUPLICATE FOUND -- DATE:1528815864 -- LINK:http://feedproxy.google.com/~r/TheHackersNews/~3/q-PmYdNUEHo/apple-mac-code-signing.html
DUPLICATE FOUND -- DATE:1528901092 -- LINK:http://feedproxy.google.com/~r/TheHackersNews/~3/j8YCaXuGL2s/microsoft-june-security-patch.html
DUPLICATE FOUND -- DATE:1528901909 -- LINK:http://feedproxy.google.com/~r/TheHackersNews/~3/ZzvPg5jnGso/secure-best-vpn-service.html
DUPLICATE FOUND -- DATE:1528922818 -- LINK:http://feedproxy.google.com/~r/TheHackersNews/~3/FpY1CQs1i7Q/oneplus6-bootloader-root.html
